2026-06-16T10:19:49.619633Z  INFO tailwindcss_oxide::scanner: Provided sources:
2026-06-16T10:19:49.619748Z  INFO tailwindcss_oxide::scanner: Source: PublicSourceEntry { base: "/Users/thoth/Documents/mboka", pattern: "**/*", negated: false }
2026-06-16T10:19:49.619867Z  INFO tailwindcss_oxide::scanner: Optimized sources:
2026-06-16T10:19:49.619874Z  INFO tailwindcss_oxide::scanner: Source: Auto { base: "/Users/thoth/Documents/mboka" }
2026-06-16T10:19:49.620907Z  INFO discover_sources: tailwindcss_oxide::scanner: enter
2026-06-16T10:19:49.620917Z  INFO discover_sources:walk_synchronous: tailwindcss_oxide::scanner: enter
2026-06-16T10:19:49.623234Z  INFO discover_sources:walk_synchronous: tailwindcss_oxide::scanner: exit
2026-06-16T10:19:49.623509Z  INFO tailwindcss_oxide::scanner: Reading "/Users/thoth/Documents/mboka/lib/tasks/.keep"
2026-06-16T10:19:49.623676Z  INFO tailwindcss_oxide::scanner: Reading "/Users/thoth/Documents/mboka/app/policies/topic_policy.rb"
2026-06-16T10:19:49.623677Z  INFO tailwindcss_oxide::scanner: Reading "/Users/thoth/Documents/mboka/app/sidekiq/digest_delivery_job.rb"
2026-06-16T10:19:49.623700Z  INFO tailwindcss_oxide::scanner: Reading "/Users/thoth/Documents/mboka/db/schema.rb"
2026-06-16T10:19:49.623696Z  INFO tailwindcss_oxide::scanner: Reading "/Users/thoth/Documents/mboka/app/views/devise/mailer/email_changed.html.erb"
2026-06-16T10:19:49.623685Z  INFO tailwindcss_oxide::scanner: Reading "/Users/thoth/Documents/mboka/.kamal/hooks/post-deploy.sample"
2026-06-16T10:19:49.623700Z  INFO tailwindcss_oxide::scanner: Reading "/Users/thoth/Documents/mboka/config/locales/en.yml"
2026-06-16T10:19:49.623728Z  INFO tailwindcss_oxide::scanner: Reading "/Users/thoth/Documents/mboka/config/initializers/devise.rb"
2026-06-16T10:19:49.623738Z  INFO tailwindcss_oxide::scanner: Reading "/Users/thoth/Documents/mboka/app/views/pages/about.html.erb"
2026-06-16T10:19:49.623860Z  INFO tailwindcss_oxide::scanner: Reading "/Users/thoth/Documents/mboka/config/locales/devise.en.yml"
2026-06-16T10:19:49.623866Z  INFO tailwindcss_oxide::scanner: Reading "/Users/thoth/Documents/mboka/.kamal/hooks/pre-build.sample"
2026-06-16T10:19:49.623958Z  INFO tailwindcss_oxide::scanner: Reading "/Users/thoth/Documents/mboka/.kamal/hooks/post-proxy-reboot.sample"
2026-06-16T10:19:49.623990Z  INFO tailwindcss_oxide::scanner: Reading "/Users/thoth/Documents/mboka/config/cable.yml"
2026-06-16T10:19:49.624091Z  INFO tailwindcss_oxide::scanner: Reading "/Users/thoth/Documents/mboka/.kamal/hooks/pre-proxy-reboot.sample"
2026-06-16T10:19:49.624488Z  INFO tailwindcss_oxide::scanner: Reading "/Users/thoth/Documents/mboka/config/environments/production.rb"
2026-06-16T10:19:49.624539Z  INFO tailwindcss_oxide::scanner: Reading "/Users/thoth/Documents/mboka/db/seeds.rb"
2026-06-16T10:19:49.624568Z  INFO tailwindcss_oxide::scanner: Reading "/Users/thoth/Documents/mboka/config/initializers/content_security_policy.rb"
2026-06-16T10:19:49.624581Z  INFO tailwindcss_oxide::scanner: Reading "/Users/thoth/Documents/mboka/app/policies/magic_link_policy.rb"
2026-06-16T10:19:49.624581Z  INFO tailwindcss_oxide::scanner: Reading "/Users/thoth/Documents/mboka/app/views/devise/mailer/unlock_instructions.html.erb"
2026-06-16T10:19:49.624615Z  INFO tailwindcss_oxide::scanner: Reading "/Users/thoth/Documents/mboka/app/sidekiq/admin/bulk_onboard_user_job.rb"
2026-06-16T10:19:49.624654Z  INFO tailwindcss_oxide::scanner: Reading "/Users/thoth/Documents/mboka/app/views/pages/terms.html.erb"
2026-06-16T10:19:49.624844Z  INFO tailwindcss_oxide::scanner: Reading "/Users/thoth/Documents/mboka/.kamal/hooks/pre-connect.sample"
2026-06-16T10:19:49.624947Z  INFO tailwindcss_oxide::scanner: Reading "/Users/thoth/Documents/mboka/config/environments/development.rb"
2026-06-16T10:19:49.625239Z  INFO tailwindcss_oxide::scanner: Reading "/Users/thoth/Documents/mboka/db/migrate/20260525084519_devise_create_users.rb"
2026-06-16T10:19:49.625469Z  INFO tailwindcss_oxide::scanner: Reading "/Users/thoth/Documents/mboka/config/initializers/inflections.rb"
2026-06-16T10:19:49.625470Z  INFO tailwindcss_oxide::scanner: Reading "/Users/thoth/Documents/mboka/config/environments/test.rb"
2026-06-16T10:19:49.625470Z  INFO tailwindcss_oxide::scanner: Reading "/Users/thoth/Documents/mboka/.kamal/hooks/docker-setup.sample"
2026-06-16T10:19:49.625527Z  INFO tailwindcss_oxide::scanner: Reading "/Users/thoth/Documents/mboka/Dockerfile"
2026-06-16T10:19:49.625559Z  INFO tailwindcss_oxide::scanner: Reading "/Users/thoth/Documents/mboka/.kamal/hooks/post-app-boot.sample"
2026-06-16T10:19:49.625562Z  INFO tailwindcss_oxide::scanner: Reading "/Users/thoth/Documents/mboka/app/views/user_mailer/topic_digest.text.erb"
2026-06-16T10:19:49.625559Z  INFO tailwindcss_oxide::scanner: Reading "/Users/thoth/Documents/mboka/app/javascript/application.js"
2026-06-16T10:19:49.625576Z  INFO tailwindcss_oxide::scanner: Reading "/Users/thoth/Documents/mboka/.ruby-version"
2026-06-16T10:19:49.625578Z  INFO tailwindcss_oxide::scanner: Reading "/Users/thoth/Documents/mboka/db/migrate/20260616090000_add_foreign_keys_to_user_topics.rb"
2026-06-16T10:19:49.625561Z  INFO tailwindcss_oxide::scanner: Reading "/Users/thoth/Documents/mboka/app/sidekiq/digest_scheduler_job.rb"
2026-06-16T10:19:49.625579Z  INFO tailwindcss_oxide::scanner: Reading "/Users/thoth/Documents/mboka/config/recurring.yml"
2026-06-16T10:19:49.625593Z  INFO tailwindcss_oxide::scanner: Reading "/Users/thoth/Documents/mboka/app/views/devise/shared/_error_messages.html.erb"
2026-06-16T10:19:49.625702Z  INFO tailwindcss_oxide::scanner: Reading "/Users/thoth/Documents/mboka/app/javascript/controllers/hello_controller.js"
2026-06-16T10:19:49.625638Z  INFO tailwindcss_oxide::scanner: Reading "/Users/thoth/Documents/mboka/bin/rake"
2026-06-16T10:19:49.625652Z  INFO tailwindcss_oxide::scanner: Reading "/Users/thoth/Documents/mboka/app/views/user_mailer/topic_digest.html.erb"
2026-06-16T10:19:49.625703Z  INFO tailwindcss_oxide::scanner: Reading "/Users/thoth/Documents/mboka/config/environment.rb"
2026-06-16T10:19:49.625640Z  INFO tailwindcss_oxide::scanner: Reading "/Users/thoth/Documents/mboka/config.ru"
2026-06-16T10:19:49.625738Z  INFO tailwindcss_oxide::scanner: Reading "/Users/thoth/Documents/mboka/db/migrate/20260616081044_create_ahoy_messages.rb"
2026-06-16T10:19:49.625803Z  INFO tailwindcss_oxide::scanner: Reading "/Users/thoth/Documents/mboka/config/storage.yml"
2026-06-16T10:19:49.625807Z  INFO tailwindcss_oxide::scanner: Reading "/Users/thoth/Documents/mboka/script/.keep"
2026-06-16T10:19:49.625784Z  INFO tailwindcss_oxide::scanner: Reading "/Users/thoth/Documents/mboka/app/views/devise/shared/_links.html.erb"
2026-06-16T10:19:49.625824Z  INFO tailwindcss_oxide::scanner: Reading "/Users/thoth/Documents/mboka/storage/.keep"
2026-06-16T10:19:49.625832Z  INFO tailwindcss_oxide::scanner: Reading "/Users/thoth/Documents/mboka/app/javascript/controllers/index.js"
2026-06-16T10:19:49.625804Z  INFO tailwindcss_oxide::scanner: Reading "/Users/thoth/Documents/mboka/app/sidekiq/intelligence_gathering_job.rb"
2026-06-16T10:19:49.625849Z  INFO tailwindcss_oxide::scanner: Reading "/Users/thoth/Documents/mboka/config/application.rb"
2026-06-16T10:19:49.625870Z  INFO tailwindcss_oxide::scanner: Reading "/Users/thoth/Documents/mboka/app/views/user_mailer/magic_link.html.erb"
2026-06-16T10:19:49.625872Z  INFO tailwindcss_oxide::scanner: Reading "/Users/thoth/Documents/mboka/bin/setup"
2026-06-16T10:19:49.625899Z  INFO tailwindcss_oxide::scanner: Reading "/Users/thoth/Documents/mboka/app/javascript/controllers/application.js"
2026-06-16T10:19:49.625903Z  INFO tailwindcss_oxide::scanner: Reading "/Users/thoth/Documents/mboka/config/puma.rb"
2026-06-16T10:19:49.625930Z  INFO tailwindcss_oxide::scanner: Reading "/Users/thoth/Documents/mboka/config/credentials.yml.enc"
2026-06-16T10:19:49.625945Z  INFO tailwindcss_oxide::scanner: Reading "/Users/thoth/Documents/mboka/README.md"
2026-06-16T10:19:49.625947Z  INFO tailwindcss_oxide::scanner: Reading "/Users/thoth/Documents/mboka/app/jobs/application_job.rb"
2026-06-16T10:19:49.625973Z  INFO tailwindcss_oxide::scanner: Reading "/Users/thoth/Documents/mboka/config/deploy.yml"
2026-06-16T10:19:49.625992Z  INFO tailwindcss_oxide::scanner: Reading "/Users/thoth/Documents/mboka/config/database.yml"
2026-06-16T10:19:49.626003Z  INFO tailwindcss_oxide::scanner: Reading "/Users/thoth/Documents/mboka/app/mailers/user_mailer.rb"
2026-06-16T10:19:49.626009Z  INFO tailwindcss_oxide::scanner: Reading "/Users/thoth/Documents/mboka/app/views/user_mailer/account_setup_invitation.text.erb"
2026-06-16T10:19:49.626012Z  INFO tailwindcss_oxide::scanner: Reading "/Users/thoth/Documents/mboka/app/views/devise/sessions/new.html.erb"
2026-06-16T10:19:49.626010Z  INFO tailwindcss_oxide::scanner: Reading "/Users/thoth/Documents/mboka/app/controllers/application_controller.rb"
2026-06-16T10:19:49.626025Z  INFO tailwindcss_oxide::scanner: Reading "/Users/thoth/Documents/mboka/db/migrate/20260616081158_add_profile_and_status_to_users.rb"
2026-06-16T10:19:49.626004Z  INFO tailwindcss_oxide::scanner: Reading "/Users/thoth/Documents/mboka/config/boot.rb"
2026-06-16T10:19:49.626050Z  INFO tailwindcss_oxide::scanner: Reading "/Users/thoth/Documents/mboka/config/importmap.rb"
2026-06-16T10:19:49.626059Z  INFO tailwindcss_oxide::scanner: Reading "/Users/thoth/Documents/mboka/Rakefile"
2026-06-16T10:19:49.626059Z  INFO tailwindcss_oxide::scanner: Reading "/Users/thoth/Documents/mboka/app/mailers/application_mailer.rb"
2026-06-16T10:19:49.626089Z  INFO tailwindcss_oxide::scanner: Reading "/Users/thoth/Documents/mboka/bin/bundle"
2026-06-16T10:19:49.626089Z  INFO tailwindcss_oxide::scanner: Reading "/Users/thoth/Documents/mboka/config/initializers/filter_parameter_logging.rb"
2026-06-16T10:19:49.626104Z  INFO tailwindcss_oxide::scanner: Reading "/Users/thoth/Documents/mboka/.dockerignore"
2026-06-16T10:19:49.626117Z  INFO tailwindcss_oxide::scanner: Reading "/Users/thoth/Documents/mboka/app/views/devise/confirmations/new.html.erb"
2026-06-16T10:19:49.626119Z  INFO tailwindcss_oxide::scanner: Reading "/Users/thoth/Documents/mboka/db/migrate/20260616090001_add_tracking_columns_to_ahoy_messages.rb"
2026-06-16T10:19:49.626134Z  INFO tailwindcss_oxide::scanner: Reading "/Users/thoth/Documents/mboka/bin/docker-entrypoint"
2026-06-16T10:19:49.626136Z  INFO tailwindcss_oxide::scanner: Reading "/Users/thoth/Documents/mboka/config/initializers/assets.rb"
2026-06-16T10:19:49.626159Z  INFO tailwindcss_oxide::scanner: Reading "/Users/thoth/Documents/mboka/app/controllers/subscribers_controller.rb"
2026-06-16T10:19:49.626180Z  INFO tailwindcss_oxide::scanner: Reading "/Users/thoth/Documents/mboka/bin/brakeman"
2026-06-16T10:19:49.626182Z  INFO tailwindcss_oxide::scanner: Reading "/Users/thoth/Documents/mboka/app/views/user_mailer/magic_link.text.erb"
2026-06-16T10:19:49.626199Z  INFO tailwindcss_oxide::scanner: Reading "/Users/thoth/Documents/mboka/app/models/topic.rb"
2026-06-16T10:19:49.626200Z  INFO tailwindcss_oxide::scanner: Reading "/Users/thoth/Documents/mboka/public/422.html"
2026-06-16T10:19:49.626223Z  INFO tailwindcss_oxide::scanner: Reading "/Users/thoth/Documents/mboka/db/migrate/20260616081045_create_ahoy_clicks.rb"
2026-06-16T10:19:49.626225Z  INFO tailwindcss_oxide::scanner: Reading "/Users/thoth/Documents/mboka/bin/rubocop"
2026-06-16T10:19:49.626251Z  INFO tailwindcss_oxide::scanner: Reading "/Users/thoth/Documents/mboka/app/views/devise/registrations/edit.html.erb"
2026-06-16T10:19:49.626253Z  INFO tailwindcss_oxide::scanner: Reading "/Users/thoth/Documents/mboka/app/controllers/admin/dashboards_controller.rb"
2026-06-16T10:19:49.626276Z  INFO tailwindcss_oxide::scanner: Reading "/Users/thoth/Documents/mboka/config/initializers/sidekiq_cron.rb"
2026-06-16T10:19:49.626277Z  INFO tailwindcss_oxide::scanner: Reading "/Users/thoth/Documents/mboka/bin/dev"
2026-06-16T10:19:49.626309Z  INFO tailwindcss_oxide::scanner: Reading "/Users/thoth/Documents/mboka/app/views/user_mailer/account_setup_invitation.html.erb"
2026-06-16T10:19:49.626309Z  INFO tailwindcss_oxide::scanner: Reading "/Users/thoth/Documents/mboka/public/500.html"
2026-06-16T10:19:49.626326Z  INFO tailwindcss_oxide::scanner: Reading "/Users/thoth/Documents/mboka/app/models/digest_schedule.rb"
2026-06-16T10:19:49.626331Z  INFO tailwindcss_oxide::scanner: Reading "/Users/thoth/Documents/mboka/app/assets/images/.keep"
2026-06-16T10:19:49.626324Z  INFO tailwindcss_oxide::scanner: Reading "/Users/thoth/Documents/mboka/app/views/devise/registrations/new.html.erb"
2026-06-16T10:19:49.626357Z  INFO tailwindcss_oxide::scanner: Reading "/Users/thoth/Documents/mboka/app/assets/builds/.keep"
2026-06-16T10:19:49.626371Z  INFO tailwindcss_oxide::scanner: Reading "/Users/thoth/Documents/mboka/bin/jobs"
2026-06-16T10:19:49.626388Z  INFO tailwindcss_oxide::scanner: Reading "/Users/thoth/Documents/mboka/db/migrate/20260616090003_create_topic_digests.rb"
2026-06-16T10:19:49.626389Z  INFO tailwindcss_oxide::scanner: Reading "/Users/thoth/Documents/mboka/config/initializers/sidekiq.rb"
2026-06-16T10:19:49.626419Z  INFO tailwindcss_oxide::scanner: Reading "/Users/thoth/Documents/mboka/public/404.html"
2026-06-16T10:19:49.626433Z  INFO tailwindcss_oxide::scanner: Reading "/Users/thoth/Documents/mboka/app/models/topic_digest.rb"
2026-06-16T10:19:49.626441Z  INFO tailwindcss_oxide::scanner: Reading "/Users/thoth/Documents/mboka/app/controllers/admin/users_controller.rb"
2026-06-16T10:19:49.626462Z  INFO tailwindcss_oxide::scanner: Reading "/Users/thoth/Documents/mboka/public/icon.svg"
2026-06-16T10:19:49.626467Z  INFO tailwindcss_oxide::scanner: Reading "/Users/thoth/Documents/mboka/app/views/admin/digest_schedules/show.html.erb"
2026-06-16T10:19:49.626463Z  INFO tailwindcss_oxide::scanner: Reading "/Users/thoth/Documents/mboka/app/helpers/magic_links_helper.rb"
2026-06-16T10:19:49.626484Z  INFO tailwindcss_oxide::scanner: Reading "/Users/thoth/Documents/mboka/app/models/application_record.rb"
2026-06-16T10:19:49.626485Z  INFO tailwindcss_oxide::scanner: Reading "/Users/thoth/Documents/mboka/bin/kamal"
2026-06-16T10:19:49.626537Z  INFO tailwindcss_oxide::scanner: Reading "/Users/thoth/Documents/mboka/db/migrate/20260616074860_create_user_topics.rb"
2026-06-16T10:19:49.626538Z  INFO tailwindcss_oxide::scanner: Reading "/Users/thoth/Documents/mboka/config/initializers/ahoy_email.rb"
2026-06-16T10:19:49.626557Z  INFO tailwindcss_oxide::scanner: Reading "/Users/thoth/Documents/mboka/app/controllers/admin/digest_schedules_controller.rb"
2026-06-16T10:19:49.626559Z  INFO tailwindcss_oxide::scanner: Reading "/Users/thoth/Documents/mboka/public/robots.txt"
2026-06-16T10:19:49.626614Z  INFO tailwindcss_oxide::scanner: Reading "/Users/thoth/Documents/mboka/bin/thrust"
2026-06-16T10:19:49.626621Z  INFO tailwindcss_oxide::scanner: Reading "/Users/thoth/Documents/mboka/app/views/admin/dashboard/show.html.erb"
2026-06-16T10:19:49.626616Z  INFO tailwindcss_oxide::scanner: Reading "/Users/thoth/Documents/mboka/app/models/user_topic.rb"
2026-06-16T10:19:49.626649Z  INFO tailwindcss_oxide::scanner: Reading "/Users/thoth/Documents/mboka/app/models/concerns/.keep"
2026-06-16T10:19:49.626674Z  INFO tailwindcss_oxide::scanner: Reading "/Users/thoth/Documents/mboka/db/migrate/20260616090002_create_digest_schedules.rb"
2026-06-16T10:19:49.626676Z  INFO tailwindcss_oxide::scanner: Reading "/Users/thoth/Documents/mboka/app/helpers/subscribers_helper.rb"
2026-06-16T10:19:49.626702Z  INFO tailwindcss_oxide::scanner: Reading "/Users/thoth/Documents/mboka/app/controllers/profiles_controller.rb"
2026-06-16T10:19:49.626736Z  INFO tailwindcss_oxide::scanner: Reading "/Users/thoth/Documents/mboka/db/migrate/20260616074859_create_topics.rb"
2026-06-16T10:19:49.626739Z  INFO tailwindcss_oxide::scanner: Reading "/Users/thoth/Documents/mboka/public/406-unsupported-browser.html"
2026-06-16T10:19:49.626739Z  INFO tailwindcss_oxide::scanner: Reading "/Users/thoth/Documents/mboka/app/policies/admin/user_policy.rb"
2026-06-16T10:19:49.626751Z  INFO tailwindcss_oxide::scanner: Reading "/Users/thoth/Documents/mboka/Gemfile"
2026-06-16T10:19:49.626768Z  INFO tailwindcss_oxide::scanner: Reading "/Users/thoth/Documents/mboka/app/views/admin/users/index.html.erb"
2026-06-16T10:19:49.626781Z  INFO tailwindcss_oxide::scanner: Reading "/Users/thoth/Documents/mboka/app/models/user.rb"
2026-06-16T10:19:49.626798Z  INFO tailwindcss_oxide::scanner: Reading "/Users/thoth/Documents/mboka/app/controllers/magic_links_controller.rb"
2026-06-16T10:19:49.626800Z  INFO tailwindcss_oxide::scanner: Reading "/Users/thoth/Documents/mboka/app/helpers/admin/dashboards_helper.rb"
2026-06-16T10:19:49.626819Z  INFO tailwindcss_oxide::scanner: Reading "/Users/thoth/Documents/mboka/bin/importmap"
2026-06-16T10:19:49.626799Z  INFO tailwindcss_oxide::scanner: Reading "/Users/thoth/Documents/mboka/.rubocop.yml"
2026-06-16T10:19:49.626832Z  INFO tailwindcss_oxide::scanner: Reading "/Users/thoth/Documents/mboka/bin/rails"
2026-06-16T10:19:49.626842Z  INFO tailwindcss_oxide::scanner: Reading "/Users/thoth/Documents/mboka/public/400.html"
2026-06-16T10:19:49.626824Z  INFO tailwindcss_oxide::scanner: Reading "/Users/thoth/Documents/mboka/app/controllers/concerns/.keep"
2026-06-16T10:19:49.626854Z  INFO tailwindcss_oxide::scanner: Reading "/Users/thoth/Documents/mboka/log/.keep"
2026-06-16T10:19:49.626912Z  INFO tailwindcss_oxide::scanner: Reading "/Users/thoth/Documents/mboka/app/policies/admin/dashboard_policy.rb"
2026-06-16T10:19:49.626920Z  INFO tailwindcss_oxide::scanner: Reading "/Users/thoth/Documents/mboka/tmp/pids/.keep"
2026-06-16T10:19:49.626892Z  INFO tailwindcss_oxide::scanner: Reading "/Users/thoth/Documents/mboka/app/views/magic_links/check_email.html.erb"
2026-06-16T10:19:49.626892Z  INFO tailwindcss_oxide::scanner: Reading "/Users/thoth/Documents/mboka/app/helpers/admin/users_helper.rb"
2026-06-16T10:19:49.626938Z  INFO tailwindcss_oxide::scanner: Reading "/Users/thoth/Documents/mboka/tmp/.keep"
2026-06-16T10:19:49.626986Z  INFO tailwindcss_oxide::scanner: Reading "/Users/thoth/Documents/mboka/app/policies/application_policy.rb"
2026-06-16T10:19:49.626967Z  INFO tailwindcss_oxide::scanner: Reading "/Users/thoth/Documents/mboka/Procfile.dev"
2026-06-16T10:19:49.627011Z  INFO tailwindcss_oxide::scanner: Reading "/Users/thoth/Documents/mboka/app/policies/admin/digest_schedule_policy.rb"
2026-06-16T10:19:49.626968Z  INFO tailwindcss_oxide::scanner: Reading "/Users/thoth/Documents/mboka/config/routes.rb"
2026-06-16T10:19:49.627012Z  INFO tailwindcss_oxide::scanner: Reading "/Users/thoth/Documents/mboka/app/views/devise/unlocks/new.html.erb"
2026-06-16T10:19:49.626999Z  INFO tailwindcss_oxide::scanner: Reading "/Users/thoth/Documents/mboka/tmp/storage/.keep"
2026-06-16T10:19:49.627074Z  INFO tailwindcss_oxide::scanner: Reading "/Users/thoth/Documents/mboka/vendor/.keep"
2026-06-16T10:19:49.627047Z  INFO tailwindcss_oxide::scanner: Reading "/Users/thoth/Documents/mboka/app/views/magic_links/new.html.erb"
2026-06-16T10:19:49.627075Z  INFO tailwindcss_oxide::scanner: Reading "/Users/thoth/Documents/mboka/app/helpers/profiles_helper.rb"
2026-06-16T10:19:49.627096Z  INFO tailwindcss_oxide::scanner: Reading "/Users/thoth/Documents/mboka/app/policies/profile_policy.rb"
2026-06-16T10:19:49.627094Z  INFO tailwindcss_oxide::scanner: Reading "/Users/thoth/Documents/mboka/.github/dependabot.yml"
2026-06-16T10:19:49.627141Z  INFO tailwindcss_oxide::scanner: Reading "/Users/thoth/Documents/mboka/app/policies/page_policy.rb"
2026-06-16T10:19:49.627092Z  INFO tailwindcss_oxide::scanner: Reading "/Users/thoth/Documents/mboka/vendor/javascript/.keep"
2026-06-16T10:19:49.627124Z  INFO tailwindcss_oxide::scanner: Reading "/Users/thoth/Documents/mboka/.gitattributes"
2026-06-16T10:19:49.627079Z  INFO tailwindcss_oxide::scanner: Reading "/Users/thoth/Documents/mboka/.github/workflows/ci.yml"
2026-06-16T10:19:49.627208Z  INFO tailwindcss_oxide::scanner: Reading "/Users/thoth/Documents/mboka/app/views/devise/passwords/edit.html.erb"
2026-06-16T10:19:49.627240Z  INFO tailwindcss_oxide::scanner: Reading "/Users/thoth/Documents/mboka/app/views/layouts/application.html.erb"
2026-06-16T10:19:49.627259Z  INFO tailwindcss_oxide::scanner: Reading "/Users/thoth/Documents/mboka/.kamal/secrets"
2026-06-16T10:19:49.627263Z  INFO tailwindcss_oxide::scanner: Reading "/Users/thoth/Documents/mboka/app/policies/subscriber_policy.rb"
2026-06-16T10:19:49.627269Z  INFO tailwindcss_oxide::scanner: Reading "/Users/thoth/Documents/mboka/app/views/layouts/mailer.text.erb"
2026-06-16T10:19:49.627268Z  INFO tailwindcss_oxide::scanner: Reading "/Users/thoth/Documents/mboka/app/helpers/application_helper.rb"
2026-06-16T10:19:49.627312Z  INFO tailwindcss_oxide::scanner: Reading "/Users/thoth/Documents/mboka/app/views/pwa/manifest.json.erb"
2026-06-16T10:19:49.627354Z  INFO tailwindcss_oxide::scanner: Reading "/Users/thoth/Documents/mboka/app/views/layouts/mailer.html.erb"
2026-06-16T10:19:49.627355Z  INFO tailwindcss_oxide::scanner: Reading "/Users/thoth/Documents/mboka/app/views/pwa/service-worker.js"
2026-06-16T10:19:49.627552Z  INFO tailwindcss_oxide::scanner: Reading "/Users/thoth/Documents/mboka/app/services/admin/csv_import_service.rb"
2026-06-16T10:19:49.627572Z  INFO tailwindcss_oxide::scanner: Reading "/Users/thoth/Documents/mboka/app/views/devise/mailer/reset_password_instructions.html.erb"
2026-06-16T10:19:49.627574Z  INFO tailwindcss_oxide::scanner: Reading "/Users/thoth/Documents/mboka/app/views/devise/passwords/new.html.erb"
2026-06-16T10:19:49.627588Z  INFO tailwindcss_oxide::scanner: Reading "/Users/thoth/Documents/mboka/app/views/devise/mailer/confirmation_instructions.html.erb"
2026-06-16T10:19:49.627608Z  INFO tailwindcss_oxide::scanner: Reading "/Users/thoth/Documents/mboka/.kamal/hooks/pre-deploy.sample"
2026-06-16T10:19:49.627623Z  INFO tailwindcss_oxide::scanner: Reading "/Users/thoth/Documents/mboka/.kamal/hooks/pre-app-boot.sample"
2026-06-16T10:19:49.627639Z  INFO tailwindcss_oxide::scanner: Reading "/Users/thoth/Documents/mboka/app/services/ai_agent_service.rb"
2026-06-16T10:19:49.627653Z  INFO tailwindcss_oxide::scanner: Reading "/Users/thoth/Documents/mboka/app/views/devise/mailer/password_change.html.erb"
2026-06-16T10:19:49.627707Z  INFO tailwindcss_oxide::scanner: Reading "/Users/thoth/Documents/mboka/app/views/subscribers/new.html.erb"
2026-06-16T10:19:49.627715Z  INFO tailwindcss_oxide::scanner: Reading "/Users/thoth/Documents/mboka/app/views/pages/privacy.html.erb"
2026-06-16T10:19:49.627779Z  INFO tailwindcss_oxide::scanner: Reading "/Users/thoth/Documents/mboka/app/views/profiles/show.html.erb"
2026-06-16T10:19:49.627845Z  INFO discover_sources: tailwindcss_oxide::scanner: exit
2026-06-16T10:19:49.627851Z  INFO extract_candidates: tailwindcss_oxide::scanner: enter
2026-06-16T10:19:49.627854Z  INFO extract_candidates:parse_all_blobs: tailwindcss_oxide::scanner: enter
2026-06-16T10:19:49.627857Z  INFO extract_candidates:parse_all_blobs:extract: tailwindcss_oxide::scanner: enter
2026-06-16T10:19:49.628813Z  INFO extract_candidates:parse_all_blobs:extract: tailwindcss_oxide::scanner: exit
2026-06-16T10:19:49.628826Z  INFO extract_candidates:parse_all_blobs: tailwindcss_oxide::scanner: exit
2026-06-16T10:19:49.628830Z  INFO extract_candidates:read_all_files: tailwindcss_oxide::scanner: enter
2026-06-16T10:19:49.628832Z  INFO extract_candidates:read_all_files: tailwindcss_oxide::scanner: Reading 2 file(s)
2026-06-16T10:19:49.628852Z  INFO tailwindcss_oxide::scanner: Reading "/Users/thoth/Documents/mboka/app/assets/tailwind/application.css"
2026-06-16T10:19:49.628859Z  INFO tailwindcss_oxide::scanner: Reading "/Users/thoth/Documents/mboka/app/assets/stylesheets/application.css"
2026-06-16T10:19:49.628873Z  INFO extract_candidates:read_all_files: tailwindcss_oxide::scanner: exit
2026-06-16T10:19:49.628878Z  INFO extract_candidates:extract_css_variables: tailwindcss_oxide::scanner: enter
2026-06-16T10:19:49.628881Z  INFO extract_candidates:extract_css_variables:extract: tailwindcss_oxide::scanner: enter
2026-06-16T10:19:49.628908Z  INFO extract_candidates:extract_css_variables:extract: tailwindcss_oxide::scanner: exit
2026-06-16T10:19:49.628911Z  INFO extract_candidates:extract_css_variables: tailwindcss_oxide::scanner: exit
2026-06-16T10:19:49.629145Z  INFO extract_candidates: tailwindcss_oxide::scanner: exit
